C51 COMPILER V9.56.0.0   FUNCF020                                                          11/23/2017 22:06:07 PAGE 1   


C51 COMPILER V9.56.0.0, COMPILATION OF MODULE FUNCF020
OBJECT MODULE PLACED IN .\Objects\funcf020.obj
COMPILER INVOKED BY: C:\Keil_v5\C51\BIN\C51.EXE funcf020.c OPTIMIZE(8,SPEED) BROWSE DEBUG OBJECTEXTEND PRINT(.\Listings\
                    -funcf020.lst) TABS(2) OBJECT(.\Objects\funcf020.obj)

line level    source

   1          #include "funcf020.h"
   2          #include "c8051f020.h"
   3          
   4          void EMI_Init(void)
   5          {
   6   1        EMI0CF = 0x00;
   7   1        EMI0TC = 0x00;
   8   1      }
   9          
  10          void Port_IO_Init(void)
  11          {
  12   1        // P0.0  -  Unassigned,  Push-Pull,  Digital
  13   1        // P0.1  -  Unassigned,  Push-Pull,  Digital
  14   1        // P0.2  -  Unassigned,  Push-Pull,  Digital
  15   1        // P0.3  -  Unassigned,  Push-Pull,  Digital
  16   1        // P0.4  -  Unassigned,  Push-Pull,  Digital
  17   1        // P0.5  -  Unassigned,  Push-Pull,  Digital
  18   1        // P0.6  -  Unassigned,  Push-Pull,  Digital
  19   1        // P0.7  -  Unassigned,  Push-Pull,  Digital
  20   1      
  21   1        // P1.0  -  Unassigned,  Push-Pull,  Digital
  22   1        // P1.1  -  Unassigned,  Push-Pull,  Digital
  23   1        // P1.2  -  Unassigned,  Push-Pull,  Digital
  24   1        // P1.3  -  Unassigned,  Push-Pull,  Digital
  25   1        // P1.4  -  Unassigned,  Push-Pull,  Digital
  26   1        // P1.5  -  Unassigned,  Push-Pull,  Digital
  27   1        // P1.6  -  Unassigned,  Push-Pull,  Digital
  28   1        // P1.7  -  Unassigned,  Push-Pull,  Digital
  29   1      
  30   1        // P2.0  -  Unassigned,  Push-Pull,  Digital
  31   1        // P2.1  -  Unassigned,  Push-Pull,  Digital
  32   1        // P2.2  -  Unassigned,  Push-Pull,  Digital
  33   1        // P2.3  -  Unassigned,  Push-Pull,  Digital
  34   1        // P2.4  -  Unassigned,  Push-Pull,  Digital
  35   1        // P2.5  -  Unassigned,  Push-Pull,  Digital
  36   1        // P2.6  -  Unassigned,  Push-Pull,  Digital
  37   1        // P2.7  -  Unassigned,  Push-Pull,  Digital
  38   1      
  39   1        // P3.0  -  Unassigned,  Push-Pull,  Digital
  40   1        // P3.1  -  Unassigned,  Push-Pull,  Digital
  41   1        // P3.2  -  Unassigned,  Push-Pull,  Digital
  42   1        // P3.3  -  Unassigned,  Push-Pull,  Digital
  43   1        // P3.4  -  Unassigned,  Push-Pull,  Digital
  44   1        // P3.5  -  Unassigned,  Push-Pull,  Digital
  45   1        // P3.6  -  Unassigned,  Push-Pull,  Digital
  46   1        // P3.7  -  Unassigned,  Push-Pull,  Digital
  47   1      
  48   1        P0MDOUT = 0xFF;
  49   1        P1MDOUT = 0xFF;
  50   1        P2MDOUT = 0xFF;
  51   1        P3MDOUT = 0xFF;
  52   1        XBR2 = 0x40;
  53   1      }
  54          
C51 COMPILER V9.56.0.0   FUNCF020                                                          11/23/2017 22:06:07 PAGE 2   

  55          void Oscillator_Init(void)
  56          {
  57   1        OSCICN = 0x17;
  58   1      }
  59          
  60          void Init_Device(void)
  61          {
  62   1        Reset_Sources_Init();
  63   1        Timer_Init();
  64   1        EMI_Init();
  65   1        Port_IO_Init();
  66   1        Oscillator_Init();
  67   1        Interrupts_Init();
  68   1      }
  69          
  70          void Reset_Sources_Init(void)
  71          {
  72   1        WDTCN = 0xDE;
  73   1        WDTCN = 0xAD;
  74   1      }
  75          
  76          void Interrupts_Init(void)
  77          {
  78   1        IE = 0xAA;
  79   1        EIE2 = 0x01;
  80   1        EIP2 = 0x01;
  81   1      }
  82          
  83          void Timer_Init(void)
  84          {
  85   1        TCON = 0x50;
  86   1        TMOD = 0x11;
  87   1        TL0 = 0xB0;
  88   1        TL1 = 0xB0;
  89   1        TH0 = 0x3C;
  90   1        TH1 = 0x3C;
  91   1        T2CON = 0x04;
  92   1        RCAP2L = 0x01;
  93   1        RCAP2H = 0x00;
  94   1        TL2 = 0x01;
  95   1        TH2 = 0x00;
  96   1        TMR3CN = 0x04;
  97   1        TMR3RLL = 0x01;
  98   1        TMR3L = 0x01;
  99   1        TMR3H = 0x00;
 100   1        TMR3RLH = 0x00;
 101   1      }
 102          
 103          void Lcd_Delay1ms(uchar c) //误差 0us
 104          {
 105   1        uchar xdata a, b;
 106   1        for (; c > 0; c--)
 107   1        {
 108   2          for (b = 200; b > 0; b--)
 109   2          {
 110   3            for (a = 3; a > 0; a--)
 111   3              ;
 112   3          }
 113   2        }
 114   1      }
 115          
 116          void Delay10us(void)
C51 COMPILER V9.56.0.0   FUNCF020                                                          11/23/2017 22:06:07 PAGE 3   

 117          {
 118   1        uchar xdata a, b, c, d;
 119   1        for (d = 1; d > 0; d--)
 120   1          for (c = 2; c > 0; c--)
 121   1            for (b = 1; b > 0; b--)
 122   1              for (a = 1; a > 0; a--)
 123   1                ;
 124   1      }
 125          
 126          void Delay10ms(void)
 127          {
 128   1        uchar xdata a, b, c;
 129   1        for (c = 5; c > 0; c--)
 130   1          for (b = 12; b > 0; b--)
 131   1            for (a = 175; a > 0; a--)
 132   1              ;
 133   1      }
 134          
 135          void Lighting(bit i)
 136          {
 137   1        if (i)
 138   1          lighting_time = 40;
 139   1        else
 140   1          lighting_time = 4;
 141   1        beep = 1;
 142   1        P4 = P4 & 0xdf;
 143   1        TL1 = 0xb0;
 144   1        TH1 = 0x3C;
 145   1        TR1 = 1;
 146   1      }
 147          
 148          void work_status_change(void)
 149          {
 150   1        TH2 = 0;
 151   1        TL2 = 1;
 152   1        TR2 = 1;
 153   1      }


MODULE INFORMATION:   STATIC OVERLAYABLE
   CODE SIZE        =    288    ----
   CONSTANT SIZE    =   ----    ----
   XDATA SIZE       =   ----       9
   PDATA SIZE       =   ----    ----
   DATA SIZE        =   ----    ----
   IDATA SIZE       =   ----    ----
   BIT SIZE         =   ----       1
END OF MODULE INFORMATION.


C51 COMPILATION COMPLETE.  0 WARNING(S),  0 ERROR(S)
