C51 COMPILER V9.56.0.0   LCDCONTROL                                                        11/23/2017 22:06:07 PAGE 1   


C51 COMPILER V9.56.0.0, COMPILATION OF MODULE LCDCONTROL
OBJECT MODULE PLACED IN .\Objects\lcdcontrol.obj
COMPILER INVOKED BY: C:\Keil_v5\C51\BIN\C51.EXE lcdcontrol.c OPTIMIZE(8,SPEED) BROWSE DEBUG OBJECTEXTEND PRINT(.\Listing
                    -s\lcdcontrol.lst) TABS(2) OBJECT(.\Objects\lcdcontrol.obj)

line level    source

   1          #include "lcdcontrol.h"
   2          #include "funcf020.h"
   3          
   4          void Wr_lcd(uchar dat_comm, uchar content)
   5          {
   6   1        if (dat_comm)
   7   1        {
   8   2          LCD_RS = 1; //_data
   9   2          LCD_RW = 0; //write
  10   2        }
  11   1        else
  12   1        {
  13   2          LCD_RS = 0; //command
  14   2          LCD_RW = 0; //write
  15   2        }
  16   1        LCD_DATAPINS = content; //output data or comm
  17   1        Lcd_Delay1ms(2);
  18   1        LCD_E = 1;
  19   1        Lcd_Delay1ms(2);
  20   1        LCD_E = 0;
  21   1      }
  22          
  23          void Init_lcd(void)
  24          {
  25   1        LCD_E = 0;
  26   1        Wr_lcd(comm, 0x01); /*清屏，地址指针指向 00H*/
  27   1        Wr_lcd(comm, 0x06); /*光标的移动方向*/
  28   1        Wr_lcd(comm, 0x0c); /*开显示，关光标*/
  29   1        Wr_lcd(comm, 0x38); /*8 位接口两行显示模式*/
  30   1      }
  31          
  32          void Chrt_disp(uchar chrt1[], uchar n)
  33          {
  34   1        if (n == 2)
  35   1        {
  36   2          Wr_lcd(comm, 0xc0);
  37   2        }
  38   1        else if (n == 1)
  39   1        {
  40   2          Wr_lcd(comm, 0x80);
  41   2        }
  42   1        Chrt_disp_str(chrt1);
  43   1      }
  44          
  45          void Chrt_disp_str(uchar chrt1[])
  46          {
  47   1        uchar len1 = Strlen1(chrt1), i;
  48   1        if (len1 <= 16)
  49   1        {
  50   2          for (i = 0; i < len1; i++)
  51   2          {
  52   3            Wr_lcd(dat, chrt1[i]);
  53   3          }
  54   2        }
C51 COMPILER V9.56.0.0   LCDCONTROL                                                        11/23/2017 22:06:07 PAGE 2   

  55   1        else
  56   1        {
  57   2          for (i = 0; i < 16; i++)
  58   2          {
  59   3            Wr_lcd(dat, chrt1[i]);
  60   3          }
  61   2          Wr_lcd(comm, 0xc0);
  62   2          for (i = 16; i < len1; i++)
  63   2          {
  64   3            Wr_lcd(dat, chrt1[i]);
  65   3          }
  66   2        }
  67   1      }
  68          
  69          uchar Strlen1(uchar *numberstr)
  70          {
  71   1        uchar i = 0;
  72   1        while (numberstr[i] != 0x00)
  73   1        {
  74   2          i++;
  75   2        }
  76   1        return i;
  77   1      }


MODULE INFORMATION:   STATIC OVERLAYABLE
   CODE SIZE        =    219    ----
   CONSTANT SIZE    =   ----    ----
   XDATA SIZE       =   ----    ----
   PDATA SIZE       =   ----    ----
   DATA SIZE        =   ----      12
   IDATA SIZE       =   ----    ----
   BIT SIZE         =   ----    ----
END OF MODULE INFORMATION.


C51 COMPILATION COMPLETE.  0 WARNING(S),  0 ERROR(S)
