C51 COMPILER V9.56.0.0   WHO                                                               11/23/2017 22:06:07 PAGE 1   


C51 COMPILER V9.56.0.0, COMPILATION OF MODULE WHO
OBJECT MODULE PLACED IN .\Objects\who.obj
COMPILER INVOKED BY: C:\Keil_v5\C51\BIN\C51.EXE who.c OPTIMIZE(8,SPEED) BROWSE DEBUG OBJECTEXTEND PRINT(.\Listings\who.l
                    -st) TABS(2) OBJECT(.\Objects\who.obj)

line level    source

   1          #include "who.h"
   2          
   3          float Calcu_zcords(float L, float M, float S, float num)
   4          {
   5   1        float data Z_ind, SD3_pos, SD23_pos, SD3_neg, SD23_neg;
   6   1      
   7   1        Z_ind = (pow((num / M), L) - 1) / (S * L);
   8   1      
   9   1        if (Z_ind > 3)
  10   1        {
  11   2          SD3_pos = (M * pow((1 + L * S * 3), 1 / L));
  12   2          SD23_pos = (SD3_pos - M * pow((1 + L * S * 2), 1 / L));
  13   2          return (3 + (num - SD3_pos) / SD23_pos);
  14   2        }
  15   1        else if (Z_ind < -3)
  16   1        {
  17   2          SD3_neg = (M * pow((1 + L * S * (-3)), 1 / L));
  18   2          SD23_neg = (M * pow((1 + L * S * (-2)), 1 / L) - SD3_neg);
  19   2          return (-3 + (num - SD3_neg) / SD23_neg);
  20   2        }
  21   1        else
  22   1          return Z_ind;
  23   1      }
  24          
  25          float Length_zcodes(uchar sex, float length, uchar months, uchar weeks)
  26          {
  27   1        float data lms[3];
  28   1      
  29   1        if (months >= 4)
  30   1        {
  31   2          lms[0] = WHO_2[sex][months - 4][0];
  32   2          lms[1] = WHO_2[sex][months - 4][1];
  33   2          lms[2] = WHO_2[sex][months - 4][2];
  34   2        }
  35   1        else
  36   1        {
  37   2          lms[0] = WHO_1[sex][weeks][0];
  38   2          lms[1] = WHO_1[sex][weeks][1];
  39   2          lms[2] = WHO_1[sex][weeks][2];
  40   2        }
  41   1      
  42   1        return Calcu_zcords(*(lms + 0), *(lms + 1), *(lms + 2), length);
  43   1      }
  44          
  45          float Weigh_zcodes(uchar sex, float weight, uchar months, uchar weeks)
  46          {
  47   1        float data lms[3];
  48   1      
  49   1        if (months >= 4)
  50   1        {
  51   2          lms[0] = WHO_4[sex][months - 4][0];
  52   2          lms[1] = WHO_4[sex][months - 4][1];
  53   2          lms[2] = WHO_4[sex][months - 4][2];
  54   2        }
C51 COMPILER V9.56.0.0   WHO                                                               11/23/2017 22:06:07 PAGE 2   

  55   1        else
  56   1        {
  57   2          lms[0] = WHO_3[sex][weeks][0];
  58   2          lms[1] = WHO_3[sex][weeks][1];
  59   2          lms[2] = WHO_3[sex][weeks][2];
  60   2        }
  61   1      
  62   1        return Calcu_zcords(*(lms + 0), *(lms + 1), *(lms + 2), weight);
  63   1      }
  64          
  65          float We_len_zcodes(uchar sex, float weight, float length, uchar months)
  66          {
  67   1        float data lms[3];
  68   1      
  69   1        if (months <= 24)
  70   1        {
  71   2          lms[0] = WHO_5[sex][(uint)((length - 45) * 2)][0];
  72   2          lms[1] = WHO_5[sex][(uint)((length - 45) * 2)][1];
  73   2          lms[2] = WHO_5[sex][(uint)((length - 45) * 2)][2];
  74   2        }
  75   1        else
  76   1        {
  77   2          lms[0] = WHO_6[sex][(uint)((length - 65) * 2)][0];
  78   2          lms[1] = WHO_6[sex][(uint)((length - 65) * 2)][1];
  79   2          lms[2] = WHO_6[sex][(uint)((length - 65) * 2)][2];
  80   2        }
  81   1      
  82   1        return Calcu_zcords(*(lms + 0), *(lms + 1), *(lms + 2), weight);
  83   1      }
  84          
  85          float BMI_zcodes(uchar sex, float weight, float length, uchar months, uchar weeks)
  86          {
  87   1        float data lms[3];
  88   1      
  89   1        if (months >= 4)
  90   1        {
  91   2          lms[0] = WHO_8[sex][months - 4][0];
  92   2          lms[1] = WHO_8[sex][months - 4][1];
  93   2          lms[2] = WHO_8[sex][months - 4][2];
  94   2        }
  95   1        else
  96   1        {
  97   2          lms[0] = WHO_7[sex][weeks][0];
  98   2          lms[1] = WHO_7[sex][weeks][1];
  99   2          lms[2] = WHO_7[sex][weeks][2];
 100   2        }
 101   1      
 102   1        return Calcu_zcords(*(lms + 0), *(lms + 1), *(lms + 2), 10000 * weight / (length * length));
 103   1      }
 104          
 105          float Pre_length(uchar sex, float mum, float dad)
 106          {
 107   1        if (sex)
 108   1        {
 109   2          return (dad + mum - 13) / 2;
 110   2        }
 111   1        else
 112   1        {
 113   2          return (dad + mum + 13) / 2;
 114   2        }
 115   1      }
 116          
C51 COMPILER V9.56.0.0   WHO                                                               11/23/2017 22:06:07 PAGE 3   

 117          float code WHO_1[2][14][3] =
 118            {
 119              //男孩0-13周体长
 120              {{1, 49.8842, 0.03795},
 121               {1, 51.1152, 0.03723},
 122               {1, 52.3461, 0.03652},
 123               {1, 53.3905, 0.03609},
 124               {1, 54.3881, 0.0357},
 125               {1, 55.3374, 0.03534},
 126               {1, 56.2357, 0.03501},
 127               {1, 57.0851, 0.0347},
 128               {1, 57.8889, 0.03442},
 129               {1, 58.6536, 0.03416},
 130               {1, 59.3872, 0.03392},
 131               {1, 60.0894, 0.03369},
 132               {1, 60.7605, 0.03348},
 133               {1, 61.4013, 0.03329}},
 134              //女孩0-13周体长
 135              {{1, 49.1477, 0.0379},
 136               {1, 50.3298, 0.03742},
 137               {1, 51.512, 0.03694},
 138               {1, 52.4695, 0.03669},
 139               {1, 53.3809, 0.03647},
 140               {1, 54.2454, 0.03627},
 141               {1, 55.0642, 0.03609},
 142               {1, 55.8406, 0.03593},
 143               {1, 56.5767, 0.03578},
 144               {1, 57.2761, 0.03564},
 145               {1, 57.9436, 0.03552},
 146               {1, 58.5816, 0.0354},
 147               {1, 59.1922, 0.0353},
 148               {1, 59.7773, 0.035202}}};
 149          
 150          float code WHO_2[2][81][3] =
 151            {
 152              //13-7年 男孩体长
 153              {{1, 63.886, 0.03257},
 154               {1, 65.9026, 0.03204},
 155               {1, 67.6236, 0.03165},
 156               {1, 69.1645, 0.03139},
 157               {1, 70.5994, 0.03124},
 158               {1, 71.9687, 0.03117},
 159               {1, 73.2812, 0.03118},
 160               {1, 74.5388, 0.03125},
 161               {1, 75.7488, 0.03137},
 162               {1, 76.9186, 0.03154},
 163               {1, 78.0497, 0.03174},
 164               {1, 79.1458, 0.03197},
 165               {1, 80.2113, 0.03222},
 166               {1, 81.2487, 0.0325},
 167               {1, 82.2587, 0.03279},
 168               {1, 83.2418, 0.0331},
 169               {1, 84.1996, 0.03342},
 170               {1, 85.1348, 0.03376},
 171               {1, 86.0477, 0.0341},
 172               {1, 86.941, 0.03445},
 173               {1, 87.8161, 0.03479},
 174               {1, 87.972, 0.03542},
 175               {1, 88.8065, 0.03576},
 176               {1, 89.6197, 0.0361},
 177               {1, 90.412, 0.03642},
 178               {1, 91.1828, 0.03674},
C51 COMPILER V9.56.0.0   WHO                                                               11/23/2017 22:06:07 PAGE 4   

 179               {1, 91.9327, 0.03704},
 180               {1, 92.6631, 0.03733},
 181               {1, 93.3753, 0.03761},
 182               {1, 94.0711, 0.03787},
 183               {1, 94.7532, 0.03812},
 184               {1, 95.4236, 0.03836},
 185               {1, 96.0835, 0.03858},
 186               {1, 96.7337, 0.03879},
 187               {1, 97.3749, 0.039},
 188               {1, 98.0073, 0.03919},
 189               {1, 98.631, 0.03937},
 190               {1, 99.2459, 0.03954},
 191               {1, 99.8515, 0.03971},
 192               {1, 100.4485, 0.03986},
 193               {1, 101.0374, 0.04002},
 194               {1, 101.6186, 0.04016},
 195               {1, 102.1933, 0.04031},
 196               {1, 102.7625, 0.04045},
 197               {1, 103.3273, 0.04059},
 198               {1, 103.8886, 0.04073},
 199               {1, 104.4473, 0.04086},
 200               {1, 105.0041, 0.041},
 201               {1, 105.5596, 0.04113},
 202               {1, 106.1138, 0.04126},
 203               {1, 106.6668, 0.04139},
 204               {1, 107.2188, 0.04152},
 205               {1, 107.7697, 0.04165},
 206               {1, 108.3198, 0.04177},
 207               {1, 108.8689, 0.0419},
 208               {1, 109.417, 0.04202},
 209               {1, 109.9638, 0.04214},
 210               {1, 110.2647, 0.04164},
 211               {1, 110.8006, 0.04172},
 212               {1, 111.3338, 0.0418},
 213               {1, 111.8636, 0.04187},
 214               {1, 112.3895, 0.04195},
 215               {1, 112.911, 0.04203},
 216               {1, 113.428, 0.04211},
 217               {1, 113.941, 0.04218},
 218               {1, 114.45, 0.04226},
 219               {1, 114.9547, 0.04234},
 220               {1, 115.4549, 0.04241},
 221               {1, 115.9509, 0.04249},
 222               {1, 116.4432, 0.04257},
 223               {1, 116.9325, 0.04264},
 224               {1, 117.4196, 0.04272},
 225               {1, 117.9046, 0.0428},
 226               {1, 118.388, 0.04287},
 227               {1, 118.87, 0.04295},
 228               {1, 119.3508, 0.04303},
 229               {1, 119.8303, 0.04311},
 230               {1, 120.3085, 0.04318},
 231               {1, 120.7853, 0.04326},
 232               {1, 121.2604, 0.04334},
 233               {1, 121.7338, 0.04342}},
 234              //13-7 女孩升高
 235              {{1, 62.0899, 0.03486},
 236               {1, 64.0301, 0.03463},
 237               {1, 65.7311, 0.03448},
 238               {1, 67.2873, 0.03441},
 239               {1, 68.7498, 0.0344},
 240               {1, 70.1435, 0.03444},
C51 COMPILER V9.56.0.0   WHO                                                               11/23/2017 22:06:07 PAGE 5   

 241               {1, 71.4818, 0.03452},
 242               {1, 72.771, 0.03464},
 243               {1, 74.015, 0.03479},
 244               {1, 75.2176, 0.03496},
 245               {1, 76.3817, 0.03514},
 246               {1, 77.5099, 0.03534},
 247               {1, 78.6055, 0.03555},
 248               {1, 79.671, 0.03576},
 249               {1, 80.7079, 0.03598},
 250               {1, 81.7182, 0.0362},
 251               {1, 82.7036, 0.03643},
 252               {1, 83.6654, 0.03666},
 253               {1, 84.604, 0.03688},
 254               {1, 85.5202, 0.03711},
 255               {1, 86.4153, 0.03734},
 256               {1, 86.5904, 0.03786},
 257               {1, 87.4462, 0.03808},
 258               {1, 88.283, 0.0383},
 259               {1, 89.1004, 0.03851},
 260               {1, 89.8991, 0.03872},
 261               {1, 90.6797, 0.03893},
 262               {1, 91.443, 0.03913},
 263               {1, 92.1906, 0.03933},
 264               {1, 92.9239, 0.03952},
 265               {1, 93.6444, 0.03971},
 266               {1, 94.3533, 0.03989},
 267               {1, 95.0515, 0.04006},
 268               {1, 95.7399, 0.04024},
 269               {1, 96.4187, 0.04041},
 270               {1, 97.0885, 0.04057},
 271               {1, 97.7493, 0.04073},
 272               {1, 98.4015, 0.04089},
 273               {1, 99.0448, 0.04105},
 274               {1, 99.6795, 0.0412},
 275               {1, 100.3058, 0.04135},
 276               {1, 100.9238, 0.0415},
 277               {1, 101.5337, 0.04164},
 278               {1, 102.136, 0.04179},
 279               {1, 102.7312, 0.04193},
 280               {1, 103.3197, 0.04206},
 281               {1, 103.9021, 0.0422},
 282               {1, 104.4786, 0.04233},
 283               {1, 105.0494, 0.04246},
 284               {1, 105.6148, 0.04259},
 285               {1, 106.1748, 0.04272},
 286               {1, 106.7295, 0.04285},
 287               {1, 107.2788, 0.04298},
 288               {1, 107.8227, 0.0431},
 289               {1, 108.3613, 0.04322},
 290               {1, 108.8948, 0.04334},
 291               {1, 109.4233, 0.04347},
 292               {1, 109.6016, 0.04355},
 293               {1, 110.1258, 0.04364},
 294               {1, 110.6451, 0.04373},
 295               {1, 111.1596, 0.04382},
 296               {1, 111.6696, 0.0439},
 297               {1, 112.1753, 0.04399},
 298               {1, 112.6767, 0.04407},
 299               {1, 113.174, 0.04415},
 300               {1, 113.6672, 0.04423},
 301               {1, 114.1565, 0.04431},
 302               {1, 114.6421, 0.04439},
C51 COMPILER V9.56.0.0   WHO                                                               11/23/2017 22:06:07 PAGE 6   

 303               {1, 115.1244, 0.04447},
 304               {1, 115.6039, 0.04454},
 305               {1, 116.0812, 0.04461},
 306               {1, 116.5568, 0.04469},
 307               {1, 117.0311, 0.04475},
 308               {1, 117.5044, 0.04482},
 309               {1, 117.9769, 0.04489},
 310               {1, 118.4489, 0.04495},
 311               {1, 118.9208, 0.04502},
 312               {1, 119.3926, 0.04508},
 313               {1, 119.8648, 0.04514},
 314               {1, 120.3374, 0.0452},
 315               {1, 120.8105, 0.04525}}};
 316          
 317          float code WHO_3[2][14][3] =
 318            {
 319              //0-13周 男孩 体重
 320              {{0.3487, 3.3464, 0.14602},
 321               {0.2776, 3.4879, 0.14483},
 322               {0.2581, 3.7529, 0.14142},
 323               {0.2442, 4.0603, 0.13807},
 324               {0.2331, 4.3671, 0.13497},
 325               {0.2237, 4.659, 0.13215},
 326               {0.2155, 4.9303, 0.1296},
 327               {0.2081, 5.1817, 0.12729},
 328               {0.2014, 5.4149, 0.1252},
 329               {0.1952, 5.6319, 0.1233},
 330               {0.1894, 5.8346, 0.12157},
 331               {0.184, 6.0242, 0.12001},
 332               {0.1789, 6.2019, 0.1186},
 333               {0.174, 6.369, 0.11732}},
 334              //0-13周 女孩体重
 335              {{0.3809, 3.2322, 0.14171},
 336               {0.2671, 3.3388, 0.146},
 337               {0.2304, 3.5693, 0.14339},
 338               {0.2024, 3.8352, 0.1406},
 339               {0.1789, 4.0987, 0.13805},
 340               {0.1582, 4.3476, 0.13583},
 341               {0.1395, 4.5793, 0.13392},
 342               {0.1224, 4.795, 0.13228},
 343               {0.1065, 4.9959, 0.13087},
 344               {0.0918, 5.1842, 0.12966},
 345               {0.0779, 5.3618, 0.12861},
 346               {0.0648, 5.5295, 0.1277},
 347               {0.0525, 5.6883, 0.12691},
 348               {0.0407, 5.8393, 0.12622}}};
 349          
 350          float code WHO_4[2][81][3] =
 351            {
 352              //13-7 男孩体重
 353              {{0.1553, 7.0023, 0.11316},
 354               {0.1395, 7.5105, 0.1108},
 355               {0.1257, 7.934, 0.10958},
 356               {0.1134, 8.297, 0.10902},
 357               {0.1021, 8.6151, 0.10882},
 358               {0.0917, 8.9014, 0.10881},
 359               {0.082, 9.1649, 0.10891},
 360               {0.073, 9.4122, 0.10906},
 361               {0.0644, 9.6479, 0.10925},
 362               {0.0563, 9.8749, 0.10949},
 363               {0.0487, 10.0953, 0.10976},
 364               {0.0413, 10.3108, 0.11007},
C51 COMPILER V9.56.0.0   WHO                                                               11/23/2017 22:06:07 PAGE 7   

 365               {0.0343, 10.5228, 0.11041},
 366               {0.0275, 10.7319, 0.11079},
 367               {0.0211, 10.9385, 0.11119},
 368               {0.0148, 11.143, 0.11164},
 369               {0.0087, 11.3462, 0.11211},
 370               {0.0029, 11.5486, 0.11261},
 371               {-0.0028, 11.7504, 0.11314},
 372               {-0.0083, 11.9514, 0.11369},
 373               {-0.0137, 12.1515, 0.11426},
 374               {-0.0189, 12.3502, 0.11485},
 375               {-0.024, 12.5466, 0.11544},
 376               {-0.0289, 12.7401, 0.11604},
 377               {-0.0337, 12.9303, 0.11664},
 378               {-0.0385, 13.1169, 0.11723},
 379               {-0.0431, 13.3, 0.11781},
 380               {-0.0476, 13.4798, 0.11839},
 381               {-0.052, 13.6567, 0.11896},
 382               {-0.0564, 13.8309, 0.11953},
 383               {-0.0606, 14.0031, 0.12008},
 384               {-0.0648, 14.1736, 0.12062},
 385               {-0.0689, 14.3429, 0.12116},
 386               {-0.0729, 14.5113, 0.12168},
 387               {-0.0769, 14.6791, 0.1222},
 388               {-0.0808, 14.8466, 0.12271},
 389               {-0.0846, 15.014, 0.12322},
 390               {-0.0883, 15.1813, 0.12373},
 391               {-0.092, 15.3486, 0.12425},
 392               {-0.0957, 15.5158, 0.12478},
 393               {-0.0993, 15.6828, 0.12531},
 394               {-0.1028, 15.8497, 0.12586},
 395               {-0.1063, 16.0163, 0.12643},
 396               {-0.1097, 16.1827, 0.127},
 397               {-0.1131, 16.3489, 0.12759},
 398               {-0.1165, 16.515, 0.12819},
 399               {-0.1198, 16.6811, 0.1288},
 400               {-0.123, 16.8471, 0.12943},
 401               {-0.1262, 17.0132, 0.13005},
 402               {-0.1294, 17.1792, 0.13069},
 403               {-0.1325, 17.3452, 0.13133},
 404               {-0.1356, 17.5111, 0.13197},
 405               {-0.1387, 17.6768, 0.13261},
 406               {-0.1417, 17.8422, 0.13325},
 407               {-0.1447, 18.0073, 0.13389},
 408               {-0.1477, 18.1722, 0.13453},
 409               {-0.1506, 18.3366, 0.13517},
 410               {-0.2026, 18.5057, 0.12988},
 411               {-0.213, 18.6802, 0.13028},
 412               {-0.2234, 18.8563, 0.13067},
 413               {-0.2338, 19.034, 0.13105},
 414               {-0.2443, 19.2132, 0.13142},
 415               {-0.2548, 19.394, 0.13178},
 416               {-0.2653, 19.5765, 0.13213},
 417               {-0.2758, 19.7607, 0.13246},
 418               {-0.2864, 19.9468, 0.13279},
 419               {-0.2969, 20.1344, 0.13311},
 420               {-0.3075, 20.3235, 0.13342},
 421               {-0.318, 20.5137, 0.13372},
 422               {-0.3285, 20.7052, 0.13402},
 423               {-0.339, 20.8979, 0.13432},
 424               {-0.3494, 21.0918, 0.13462},
 425               {-0.3598, 21.287, 0.13493},
 426               {-0.3701, 21.4833, 0.13523},
C51 COMPILER V9.56.0.0   WHO                                                               11/23/2017 22:06:07 PAGE 8   

 427               {-0.3804, 21.681, 0.13554},
 428               {-0.3906, 21.8799, 0.13586},
 429               {-0.4007, 22.08, 0.13618},
 430               {-0.4107, 22.2813, 0.13652},
 431               {-0.4207, 22.4837, 0.13686},
 432               {-0.4305, 22.6872, 0.13722},
 433               {-0.4402, 22.8915, 0.13759}},
 434              //13周-7年 女孩体重
 435              {{-0.005, 6.4237, 0.12402},
 436               {-0.043, 6.8985, 0.12274},
 437               {-0.0756, 7.297, 0.12204},
 438               {-0.1039, 7.6422, 0.12178},
 439               {-0.1288, 7.9487, 0.12181},
 440               {-0.1507, 8.2254, 0.12199},
 441               {-0.17, 8.48, 0.12223},
 442               {-0.1872, 8.7192, 0.12247},
 443               {-0.2024, 8.9481, 0.12268},
 444               {-0.2158, 9.1699, 0.12283},
 445               {-0.2278, 9.387, 0.12294},
 446               {-0.2384, 9.6008, 0.12299},
 447               {-0.2478, 9.8124, 0.12303},
 448               {-0.2562, 10.0226, 0.12306},
 449               {-0.2637, 10.2315, 0.12309},
 450               {-0.2703, 10.4393, 0.12315},
 451               {-0.2762, 10.6464, 0.12323},
 452               {-0.2815, 10.8534, 0.12335},
 453               {-0.2862, 11.0608, 0.1235},
 454               {-0.2903, 11.2688, 0.12369},
 455               {-0.2941, 11.4775, 0.1239},
 456               {-0.2975, 11.6864, 0.12414},
 457               {-0.3005, 11.8947, 0.12441},
 458               {-0.3032, 12.1015, 0.12472},
 459               {-0.3057, 12.3059, 0.12506},
 460               {-0.308, 12.5073, 0.12545},
 461               {-0.3101, 12.7055, 0.12587},
 462               {-0.312, 12.9006, 0.12633},
 463               {-0.3138, 13.093, 0.12683},
 464               {-0.3155, 13.2837, 0.12737},
 465               {-0.3171, 13.4731, 0.12794},
 466               {-0.3186, 13.6618, 0.12855},
 467               {-0.3201, 13.8503, 0.12919},
 468               {-0.3216, 14.0385, 0.12988},
 469               {-0.323, 14.2265, 0.13059},
 470               {-0.3243, 14.414, 0.13135},
 471               {-0.3257, 14.601, 0.13213},
 472               {-0.327, 14.7873, 0.13293},
 473               {-0.3283, 14.9727, 0.13376},
 474               {-0.3296, 15.1573, 0.1346},
 475               {-0.3309, 15.341, 0.13545},
 476               {-0.3322, 15.524, 0.1363},
 477               {-0.3335, 15.7064, 0.13716},
 478               {-0.3348, 15.8882, 0.138},
 479               {-0.3361, 16.0697, 0.13884},
 480               {-0.3374, 16.2511, 0.13968},
 481               {-0.3387, 16.4322, 0.14051},
 482               {-0.34, 16.6133, 0.14132},
 483               {-0.3414, 16.7942, 0.14213},
 484               {-0.3427, 16.9748, 0.14293},
 485               {-0.344, 17.1551, 0.14371},
 486               {-0.3453, 17.3347, 0.14448},
 487               {-0.3466, 17.5136, 0.14525},
 488               {-0.3479, 17.6916, 0.146},
C51 COMPILER V9.56.0.0   WHO                                                               11/23/2017 22:06:07 PAGE 9   

 489               {-0.3492, 17.8686, 0.14675},
 490               {-0.3505, 18.0445, 0.14748},
 491               {-0.3518, 18.2193, 0.14821},
 492               {-0.4681, 18.2579, 0.14295},
 493               {-0.4711, 18.4329, 0.1435},
 494               {-0.4742, 18.6073, 0.14404},
 495               {-0.4773, 18.7811, 0.14459},
 496               {-0.4803, 18.9545, 0.14514},
 497               {-0.4834, 19.1276, 0.14569},
 498               {-0.4864, 19.3004, 0.14624},
 499               {-0.4894, 19.473, 0.14679},
 500               {-0.4924, 19.6455, 0.14735},
 501               {-0.4954, 19.818, 0.1479},
 502               {-0.4984, 19.9908, 0.14845},
 503               {-0.5013, 20.1639, 0.149},
 504               {-0.5043, 20.3377, 0.14955},
 505               {-0.5072, 20.5124, 0.1501},
 506               {-0.51, 20.6885, 0.15065},
 507               {-0.5129, 20.8661, 0.1512},
 508               {-0.5157, 21.0457, 0.15175},
 509               {-0.5185, 21.2274, 0.1523},
 510               {-0.5213, 21.4113, 0.15284},
 511               {-0.524, 21.5979, 0.15339},
 512               {-0.5268, 21.7872, 0.15393},
 513               {-0.5294, 21.9795, 0.15448},
 514               {-0.5321, 22.1751, 0.15502},
 515               {-0.5347, 22.374, 0.15556}}};
 516          
 517          float code WHO_5[2][131][3] =
 518            {
 519              //0-2年   男孩 指数
 520              {{-0.3521, 2.441, 0.09182},
 521               {-0.3521, 2.5244, 0.09153},
 522               {-0.3521, 2.6077, 0.09124},
 523               {-0.3521, 2.6913, 0.09094},
 524               {-0.3521, 2.7755, 0.09065},
 525               {-0.3521, 2.8609, 0.09036},
 526               {-0.3521, 2.948, 0.09007},
 527               {-0.3521, 3.0377, 0.08977},
 528               {-0.3521, 3.1308, 0.08948},
 529               {-0.3521, 3.2276, 0.08919},
 530               {-0.3521, 3.3278, 0.0889},
 531               {-0.3521, 3.4311, 0.08861},
 532               {-0.3521, 3.5376, 0.08831},
 533               {-0.3521, 3.6477, 0.08801},
 534               {-0.3521, 3.762, 0.08771},
 535               {-0.3521, 3.8814, 0.08741},
 536               {-0.3521, 4.006, 0.08711},
 537               {-0.3521, 4.1354, 0.08681},
 538               {-0.3521, 4.2693, 0.08651},
 539               {-0.3521, 4.4066, 0.08621},
 540               {-0.3521, 4.5467, 0.08592},
 541               {-0.3521, 4.6892, 0.08563},
 542               {-0.3521, 4.8338, 0.08535},
 543               {-0.3521, 4.9796, 0.08507},
 544               {-0.3521, 5.1259, 0.08481},
 545               {-0.3521, 5.2721, 0.08455},
 546               {-0.3521, 5.418, 0.0843},
 547               {-0.3521, 5.5632, 0.08406},
 548               {-0.3521, 5.7074, 0.08383},
 549               {-0.3521, 5.8501, 0.08362},
 550               {-0.3521, 5.9907, 0.08342},
C51 COMPILER V9.56.0.0   WHO                                                               11/23/2017 22:06:07 PAGE 10  

 551               {-0.3521, 6.1284, 0.08324},
 552               {-0.3521, 6.2632, 0.08308},
 553               {-0.3521, 6.3954, 0.08292},
 554               {-0.3521, 6.5251, 0.08279},
 555               {-0.3521, 6.6527, 0.08266},
 556               {-0.3521, 6.7786, 0.08255},
 557               {-0.3521, 6.9028, 0.08245},
 558               {-0.3521, 7.0255, 0.08236},
 559               {-0.3521, 7.1467, 0.08229},
 560               {-0.3521, 7.2666, 0.08223},
 561               {-0.3521, 7.3854, 0.08218},
 562               {-0.3521, 7.5034, 0.08215},
 563               {-0.3521, 7.6206, 0.08213},
 564               {-0.3521, 7.737, 0.08212},
 565               {-0.3521, 7.8526, 0.08212},
 566               {-0.3521, 7.9674, 0.08214},
 567               {-0.3521, 8.0816, 0.08216},
 568               {-0.3521, 8.1955, 0.08219},
 569               {-0.3521, 8.3092, 0.08224},
 570               {-0.3521, 8.4227, 0.08229},
 571               {-0.3521, 8.5358, 0.08235},
 572               {-0.3521, 8.648, 0.08241},
 573               {-0.3521, 8.7594, 0.08248},
 574               {-0.3521, 8.8697, 0.08254},
 575               {-0.3521, 8.9788, 0.08262},
 576               {-0.3521, 9.0865, 0.08269},
 577               {-0.3521, 9.1927, 0.08276},
 578               {-0.3521, 9.2974, 0.08283},
 579               {-0.3521, 9.401, 0.08289},
 580               {-0.3521, 9.5032, 0.08295},
 581               {-0.3521, 9.6041, 0.08301},
 582               {-0.3521, 9.7033, 0.08307},
 583               {-0.3521, 9.8007, 0.08311},
 584               {-0.3521, 9.8963, 0.08314},
 585               {-0.3521, 9.9902, 0.08317},
 586               {-0.3521, 10.0827, 0.08318},
 587               {-0.3521, 10.1741, 0.08318},
 588               {-0.3521, 10.2649, 0.08316},
 589               {-0.3521, 10.3558, 0.08313},
 590               {-0.3521, 10.4475, 0.08308},
 591               {-0.3521, 10.5405, 0.08301},
 592               {-0.3521, 10.6352, 0.08293},
 593               {-0.3521, 10.7322, 0.08284},
 594               {-0.3521, 10.8321, 0.08273},
 595               {-0.3521, 10.935, 0.0826},
 596               {-0.3521, 11.0415, 0.08246},
 597               {-0.3521, 11.1516, 0.08231},
 598               {-0.3521, 11.2651, 0.08215},
 599               {-0.3521, 11.3817, 0.08198},
 600               {-0.3521, 11.5007, 0.08181},
 601               {-0.3521, 11.6218, 0.08163},
 602               {-0.3521, 11.7444, 0.08145},
 603               {-0.3521, 11.8678, 0.08128},
 604               {-0.3521, 11.9916, 0.08111},
 605               {-0.3521, 12.1152, 0.08096},
 606               {-0.3521, 12.2382, 0.08082},
 607               {-0.3521, 12.3603, 0.08069},
 608               {-0.3521, 12.4815, 0.08058},
 609               {-0.3521, 12.6017, 0.08048},
 610               {-0.3521, 12.7209, 0.08041},
 611               {-0.3521, 12.8392, 0.08034},
 612               {-0.3521, 12.9569, 0.0803},
C51 COMPILER V9.56.0.0   WHO                                                               11/23/2017 22:06:07 PAGE 11  

 613               {-0.3521, 13.0742, 0.08026},
 614               {-0.3521, 13.191, 0.08025},
 615               {-0.3521, 13.3075, 0.08025},
 616               {-0.3521, 13.4239, 0.08026},
 617               {-0.3521, 13.5404, 0.08029},
 618               {-0.3521, 13.6572, 0.08034},
 619               {-0.3521, 13.7746, 0.0804},
 620               {-0.3521, 13.8928, 0.08047},
 621               {-0.3521, 14.012, 0.08056},
 622               {-0.3521, 14.1325, 0.08067},
 623               {-0.3521, 14.2544, 0.08078},
 624               {-0.3521, 14.3782, 0.08092},
 625               {-0.3521, 14.5038, 0.08106},
 626               {-0.3521, 14.6316, 0.08122},
 627               {-0.3521, 14.7614, 0.08139},
 628               {-0.3521, 14.8934, 0.08157},
 629               {-0.3521, 15.0275, 0.08177},
 630               {-0.3521, 15.1637, 0.08198},
 631               {-0.3521, 15.3018, 0.0822},
 632               {-0.3521, 15.4419, 0.08243},
 633               {-0.3521, 15.5838, 0.08267},
 634               {-0.3521, 15.7276, 0.08292},
 635               {-0.3521, 15.8732, 0.08317},
 636               {-0.3521, 16.0206, 0.08343},
 637               {-0.3521, 16.1697, 0.0837},
 638               {-0.3521, 16.3204, 0.08397},
 639               {-0.3521, 16.4728, 0.08425},
 640               {-0.3521, 16.6268, 0.08453},
 641               {-0.3521, 16.7826, 0.08481},
 642               {-0.3521, 16.9401, 0.0851},
 643               {-0.3521, 17.0995, 0.08539},
 644               {-0.3521, 17.2607, 0.08568},
 645               {-0.3521, 17.4237, 0.08599},
 646               {-0.3521, 17.5885, 0.08629},
 647               {-0.3521, 17.7553, 0.0866},
 648               {-0.3521, 17.9242, 0.08691},
 649               {-0.3521, 18.0954, 0.08723},
 650               {-0.3521, 18.2689, 0.08755}},
 651              //0-2年   女孩 指数
 652              {{-0.3833, 2.4607, 0.09029},
 653               {-0.3833, 2.5457, 0.09033},
 654               {-0.3833, 2.6306, 0.09037},
 655               {-0.3833, 2.7155, 0.0904},
 656               {-0.3833, 2.8007, 0.09044},
 657               {-0.3833, 2.8867, 0.09048},
 658               {-0.3833, 2.9741, 0.09052},
 659               {-0.3833, 3.0636, 0.09056},
 660               {-0.3833, 3.156, 0.0906},
 661               {-0.3833, 3.252, 0.09064},
 662               {-0.3833, 3.3518, 0.09068},
 663               {-0.3833, 3.4557, 0.09072},
 664               {-0.3833, 3.5636, 0.09076},
 665               {-0.3833, 3.6754, 0.0908},
 666               {-0.3833, 3.7911, 0.09085},
 667               {-0.3833, 3.9105, 0.09089},
 668               {-0.3833, 4.0332, 0.09093},
 669               {-0.3833, 4.1591, 0.09098},
 670               {-0.3833, 4.2875, 0.09102},
 671               {-0.3833, 4.4179, 0.09106},
 672               {-0.3833, 4.5498, 0.0911},
 673               {-0.3833, 4.6827, 0.09114},
 674               {-0.3833, 4.8162, 0.09118},
C51 COMPILER V9.56.0.0   WHO                                                               11/23/2017 22:06:07 PAGE 12  

 675               {-0.3833, 4.95, 0.09121},
 676               {-0.3833, 5.0837, 0.09125},
 677               {-0.3833, 5.2173, 0.09128},
 678               {-0.3833, 5.3507, 0.0913},
 679               {-0.3833, 5.4834, 0.09132},
 680               {-0.3833, 5.6151, 0.09134},
 681               {-0.3833, 5.7454, 0.09135},
 682               {-0.3833, 5.8742, 0.09136},
 683               {-0.3833, 6.0014, 0.09137},
 684               {-0.3833, 6.127, 0.09137},
 685               {-0.3833, 6.2511, 0.09136},
 686               {-0.3833, 6.3738, 0.09135},
 687               {-0.3833, 6.4948, 0.09133},
 688               {-0.3833, 6.6144, 0.09131},
 689               {-0.3833, 6.7328, 0.09129},
 690               {-0.3833, 6.8501, 0.09126},
 691               {-0.3833, 6.9662, 0.09123},
 692               {-0.3833, 7.0812, 0.09119},
 693               {-0.3833, 7.195, 0.09115},
 694               {-0.3833, 7.3076, 0.0911},
 695               {-0.3833, 7.4189, 0.09106},
 696               {-0.3833, 7.5288, 0.09101},
 697               {-0.3833, 7.6375, 0.09096},
 698               {-0.3833, 7.7448, 0.0909},
 699               {-0.3833, 7.8509, 0.09085},
 700               {-0.3833, 7.9559, 0.09079},
 701               {-0.3833, 8.0599, 0.09074},
 702               {-0.3833, 8.163, 0.09068},
 703               {-0.3833, 8.2651, 0.09062},
 704               {-0.3833, 8.3666, 0.09056},
 705               {-0.3833, 8.4676, 0.0905},
 706               {-0.3833, 8.5679, 0.09043},
 707               {-0.3833, 8.6674, 0.09037},
 708               {-0.3833, 8.7661, 0.09031},
 709               {-0.3833, 8.8638, 0.09025},
 710               {-0.3833, 8.9601, 0.09018},
 711               {-0.3833, 9.0552, 0.09012},
 712               {-0.3833, 9.149, 0.09005},
 713               {-0.3833, 9.2418, 0.08999},
 714               {-0.3833, 9.3337, 0.08992},
 715               {-0.3833, 9.4252, 0.08985},
 716               {-0.3833, 9.5166, 0.08979},
 717               {-0.3833, 9.6086, 0.08972},
 718               {-0.3833, 9.7015, 0.08965},
 719               {-0.3833, 9.7957, 0.08959},
 720               {-0.3833, 9.8915, 0.08952},
 721               {-0.3833, 9.9892, 0.08946},
 722               {-0.3833, 10.0891, 0.0894},
 723               {-0.3833, 10.1916, 0.08934},
 724               {-0.3833, 10.2965, 0.08928},
 725               {-0.3833, 10.4041, 0.08923},
 726               {-0.3833, 10.514, 0.08918},
 727               {-0.3833, 10.6263, 0.08914},
 728               {-0.3833, 10.741, 0.0891},
 729               {-0.3833, 10.8578, 0.08906},
 730               {-0.3833, 10.9767, 0.08903},
 731               {-0.3833, 11.0974, 0.089},
 732               {-0.3833, 11.2198, 0.08898},
 733               {-0.3833, 11.3435, 0.08897},
 734               {-0.3833, 11.4684, 0.08895},
 735               {-0.3833, 11.594, 0.08895},
 736               {-0.3833, 11.7201, 0.08895},
C51 COMPILER V9.56.0.0   WHO                                                               11/23/2017 22:06:07 PAGE 13  

 737               {-0.3833, 11.8461, 0.08895},
 738               {-0.3833, 11.972, 0.08896},
 739               {-0.3833, 12.0976, 0.08898},
 740               {-0.3833, 12.2229, 0.089},
 741               {-0.3833, 12.3477, 0.08903},
 742               {-0.3833, 12.4723, 0.08906},
 743               {-0.3833, 12.5965, 0.08909},
 744               {-0.3833, 12.7205, 0.08913},
 745               {-0.3833, 12.8443, 0.08918},
 746               {-0.3833, 12.9681, 0.08923},
 747               {-0.3833, 13.092, 0.08928},
 748               {-0.3833, 13.2158, 0.08934},
 749               {-0.3833, 13.3399, 0.08941},
 750               {-0.3833, 13.4643, 0.08948},
 751               {-0.3833, 13.5892, 0.08955},
 752               {-0.3833, 13.7146, 0.08963},
 753               {-0.3833, 13.8408, 0.08972},
 754               {-0.3833, 13.9676, 0.08981},
 755               {-0.3833, 14.0953, 0.0899},
 756               {-0.3833, 14.2239, 0.09},
 757               {-0.3833, 14.3537, 0.0901},
 758               {-0.3833, 14.4848, 0.09021},
 759               {-0.3833, 14.6174, 0.09033},
 760               {-0.3833, 14.7519, 0.09044},
 761               {-0.3833, 14.8882, 0.09057},
 762               {-0.3833, 15.0267, 0.09069},
 763               {-0.3833, 15.1676, 0.09083},
 764               {-0.3833, 15.3108, 0.09096},
 765               {-0.3833, 15.4564, 0.0911},
 766               {-0.3833, 15.6046, 0.09125},
 767               {-0.3833, 15.7553, 0.09139},
 768               {-0.3833, 15.9087, 0.09155},
 769               {-0.3833, 16.0645, 0.0917},
 770               {-0.3833, 16.2229, 0.09186},
 771               {-0.3833, 16.3837, 0.09203},
 772               {-0.3833, 16.547, 0.09219},
 773               {-0.3833, 16.7129, 0.09236},
 774               {-0.3833, 16.8814, 0.09254},
 775               {-0.3833, 17.0527, 0.09271},
 776               {-0.3833, 17.2269, 0.09289},
 777               {-0.3833, 17.4039, 0.09307},
 778               {-0.3833, 17.5839, 0.09326},
 779               {-0.3833, 17.7668, 0.09344},
 780               {-0.3833, 17.9526, 0.09363},
 781               {-0.3833, 18.1412, 0.09382},
 782               {-0.3833, 18.3324, 0.09401}}};
 783          
 784          float code WHO_6[2][111][3] =
 785            {
 786              //2-5年 男孩指数
 787              {{-0.3521, 7.4327, 0.08217},
 788               {-0.3521, 7.5504, 0.08214},
 789               {-0.3521, 7.6673, 0.08212},
 790               {-0.3521, 7.7834, 0.08212},
 791               {-0.3521, 7.8986, 0.08213},
 792               {-0.3521, 8.0132, 0.08214},
 793               {-0.3521, 8.1272, 0.08217},
 794               {-0.3521, 8.241, 0.08221},
 795               {-0.3521, 8.3547, 0.08226},
 796               {-0.3521, 8.468, 0.08231},
 797               {-0.3521, 8.5808, 0.08237},
 798               {-0.3521, 8.6927, 0.08243},
C51 COMPILER V9.56.0.0   WHO                                                               11/23/2017 22:06:07 PAGE 14  

 799               {-0.3521, 8.8036, 0.0825},
 800               {-0.3521, 8.9135, 0.08257},
 801               {-0.3521, 9.0221, 0.08264},
 802               {-0.3521, 9.1292, 0.08272},
 803               {-0.3521, 9.2347, 0.08278},
 804               {-0.3521, 9.339, 0.08285},
 805               {-0.3521, 9.442, 0.08292},
 806               {-0.3521, 9.5438, 0.08298},
 807               {-0.3521, 9.644, 0.08303},
 808               {-0.3521, 9.7425, 0.08308},
 809               {-0.3521, 9.8392, 0.08312},
 810               {-0.3521, 9.9341, 0.08315},
 811               {-0.3521, 10.0274, 0.08317},
 812               {-0.3521, 10.1194, 0.08318},
 813               {-0.3521, 10.2105, 0.08317},
 814               {-0.3521, 10.3012, 0.08315},
 815               {-0.3521, 10.3923, 0.08311},
 816               {-0.3521, 10.4845, 0.08305},
 817               {-0.3521, 10.5781, 0.08298},
 818               {-0.3521, 10.6737, 0.0829},
 819               {-0.3521, 10.7718, 0.08279},
 820               {-0.3521, 10.8728, 0.08268},
 821               {-0.3521, 10.9772, 0.08255},
 822               {-0.3521, 11.0851, 0.08241},
 823               {-0.3521, 11.1966, 0.08225},
 824               {-0.3521, 11.3114, 0.08209},
 825               {-0.3521, 11.429, 0.08191},
 826               {-0.3521, 11.549, 0.08174},
 827               {-0.3521, 11.6707, 0.08156},
 828               {-0.3521, 11.7937, 0.08138},
 829               {-0.3521, 11.9173, 0.08121},
 830               {-0.3521, 12.0411, 0.08105},
 831               {-0.3521, 12.1645, 0.0809},
 832               {-0.3521, 12.2871, 0.08076},
 833               {-0.3521, 12.4089, 0.08064},
 834               {-0.3521, 12.5298, 0.08054},
 835               {-0.3521, 12.6495, 0.08045},
 836               {-0.3521, 12.7683, 0.08038},
 837               {-0.3521, 12.8864, 0.08032},
 838               {-0.3521, 13.0038, 0.08028},
 839               {-0.3521, 13.1209, 0.08025},
 840               {-0.3521, 13.2376, 0.08024},
 841               {-0.3521, 13.3541, 0.08025},
 842               {-0.3521, 13.4705, 0.08027},
 843               {-0.3521, 13.587, 0.08031},
 844               {-0.3521, 13.7041, 0.08036},
 845               {-0.3521, 13.8217, 0.08043},
 846               {-0.3521, 13.9403, 0.08051},
 847               {-0.3521, 14.06, 0.0806},
 848               {-0.3521, 14.1811, 0.08071},
 849               {-0.3521, 14.3037, 0.08083},
 850               {-0.3521, 14.4282, 0.08097},
 851               {-0.3521, 14.5547, 0.08112},
 852               {-0.3521, 14.6832, 0.08129},
 853               {-0.3521, 14.814, 0.08146},
 854               {-0.3521, 14.9468, 0.08165},
 855               {-0.3521, 15.0818, 0.08185},
 856               {-0.3521, 15.2187, 0.08206},
 857               {-0.3521, 15.3576, 0.08229},
 858               {-0.3521, 15.4985, 0.08252},
 859               {-0.3521, 15.6412, 0.08277},
 860               {-0.3521, 15.7857, 0.08302},
C51 COMPILER V9.56.0.0   WHO                                                               11/23/2017 22:06:07 PAGE 15  

 861               {-0.3521, 15.932, 0.08328},
 862               {-0.3521, 16.0801, 0.08354},
 863               {-0.3521, 16.2298, 0.08381},
 864               {-0.3521, 16.3812, 0.08408},
 865               {-0.3521, 16.5342, 0.08436},
 866               {-0.3521, 16.6889, 0.08464},
 867               {-0.3521, 16.8454, 0.08493},
 868               {-0.3521, 17.0036, 0.08521},
 869               {-0.3521, 17.1637, 0.08551},
 870               {-0.3521, 17.3256, 0.0858},
 871               {-0.3521, 17.4894, 0.08611},
 872               {-0.3521, 17.655, 0.08641},
 873               {-0.3521, 17.8226, 0.08673},
 874               {-0.3521, 17.9924, 0.08704},
 875               {-0.3521, 18.1645, 0.08736},
 876               {-0.3521, 18.339, 0.08768},
 877               {-0.3521, 18.5158, 0.088},
 878               {-0.3521, 18.6948, 0.08832},
 879               {-0.3521, 18.8759, 0.08864},
 880               {-0.3521, 19.059, 0.08896},
 881               {-0.3521, 19.2439, 0.08928},
 882               {-0.3521, 19.4304, 0.0896},
 883               {-0.3521, 19.6185, 0.08991},
 884               {-0.3521, 19.8081, 0.09022},
 885               {-0.3521, 19.999, 0.09054},
 886               {-0.3521, 20.1912, 0.09085},
 887               {-0.3521, 20.3846, 0.09116},
 888               {-0.3521, 20.5789, 0.09147},
 889               {-0.3521, 20.7741, 0.09177},
 890               {-0.3521, 20.97, 0.09208},
 891               {-0.3521, 21.1666, 0.09239},
 892               {-0.3521, 21.3636, 0.0927},
 893               {-0.3521, 21.5611, 0.093},
 894               {-0.3521, 21.7588, 0.09331},
 895               {-0.3521, 21.9568, 0.09362},
 896               {-0.3521, 22.1549, 0.09393},
 897               {-0.3521, 22.353, 0.09424}},
 898              //2-5年女孩指数
 899              {{-0.3833, 7.2402, 0.09113},
 900               {-0.3833, 7.3523, 0.09109},
 901               {-0.3833, 7.463, 0.09104},
 902               {-0.3833, 7.5724, 0.09099},
 903               {-0.3833, 7.6806, 0.09094},
 904               {-0.3833, 7.7874, 0.09088},
 905               {-0.3833, 7.893, 0.09083},
 906               {-0.3833, 7.9976, 0.09077},
 907               {-0.3833, 8.1012, 0.09071},
 908               {-0.3833, 8.2039, 0.09065},
 909               {-0.3833, 8.3058, 0.09059},
 910               {-0.3833, 8.4071, 0.09053},
 911               {-0.3833, 8.5078, 0.09047},
 912               {-0.3833, 8.6078, 0.09041},
 913               {-0.3833, 8.707, 0.09035},
 914               {-0.3833, 8.8053, 0.09028},
 915               {-0.3833, 8.9025, 0.09022},
 916               {-0.3833, 8.9983, 0.09016},
 917               {-0.3833, 9.0928, 0.09009},
 918               {-0.3833, 9.1862, 0.09003},
 919               {-0.3833, 9.2786, 0.08996},
 920               {-0.3833, 9.3703, 0.08989},
 921               {-0.3833, 9.4617, 0.08983},
 922               {-0.3833, 9.5533, 0.08976},
C51 COMPILER V9.56.0.0   WHO                                                               11/23/2017 22:06:07 PAGE 16  

 923               {-0.3833, 9.6456, 0.08969},
 924               {-0.3833, 9.739, 0.08963},
 925               {-0.3833, 9.8338, 0.08956},
 926               {-0.3833, 9.9303, 0.0895},
 927               {-0.3833, 10.0289, 0.08943},
 928               {-0.3833, 10.1298, 0.08937},
 929               {-0.3833, 10.2332, 0.08932},
 930               {-0.3833, 10.3393, 0.08926},
 931               {-0.3833, 10.4477, 0.08921},
 932               {-0.3833, 10.5586, 0.08916},
 933               {-0.3833, 10.6719, 0.08912},
 934               {-0.3833, 10.7874, 0.08908},
 935               {-0.3833, 10.9051, 0.08905},
 936               {-0.3833, 11.0248, 0.08902},
 937               {-0.3833, 11.1462, 0.08899},
 938               {-0.3833, 11.2691, 0.08897},
 939               {-0.3833, 11.3934, 0.08896},
 940               {-0.3833, 11.5186, 0.08895},
 941               {-0.3833, 11.6444, 0.08895},
 942               {-0.3833, 11.7705, 0.08895},
 943               {-0.3833, 11.8965, 0.08896},
 944               {-0.3833, 12.0223, 0.08897},
 945               {-0.3833, 12.1478, 0.08899},
 946               {-0.3833, 12.2729, 0.08901},
 947               {-0.3833, 12.3976, 0.08904},
 948               {-0.3833, 12.522, 0.08907},
 949               {-0.3833, 12.6461, 0.08911},
 950               {-0.3833, 12.77, 0.08915},
 951               {-0.3833, 12.8939, 0.0892},
 952               {-0.3833, 13.0177, 0.08925},
 953               {-0.3833, 13.1415, 0.08931},
 954               {-0.3833, 13.2654, 0.08937},
 955               {-0.3833, 13.3896, 0.08944},
 956               {-0.3833, 13.5142, 0.08951},
 957               {-0.3833, 13.6393, 0.08959},
 958               {-0.3833, 13.765, 0.08967},
 959               {-0.3833, 13.8914, 0.08975},
 960               {-0.3833, 14.0186, 0.08984},
 961               {-0.3833, 14.1466, 0.08994},
 962               {-0.3833, 14.2757, 0.09004},
 963               {-0.3833, 14.4059, 0.09015},
 964               {-0.3833, 14.5376, 0.09026},
 965               {-0.3833, 14.671, 0.09037},
 966               {-0.3833, 14.8062, 0.09049},
 967               {-0.3833, 14.9434, 0.09062},
 968               {-0.3833, 15.0828, 0.09075},
 969               {-0.3833, 15.2246, 0.09088},
 970               {-0.3833, 15.3687, 0.09102},
 971               {-0.3833, 15.5154, 0.09116},
 972               {-0.3833, 15.6646, 0.09131},
 973               {-0.3833, 15.8164, 0.09146},
 974               {-0.3833, 15.9707, 0.09161},
 975               {-0.3833, 16.1276, 0.09177},
 976               {-0.3833, 16.287, 0.09193},
 977               {-0.3833, 16.4488, 0.09209},
 978               {-0.3833, 16.6131, 0.09226},
 979               {-0.3833, 16.78, 0.09243},
 980               {-0.3833, 16.9496, 0.09261},
 981               {-0.3833, 17.122, 0.09278},
 982               {-0.3833, 17.2973, 0.09296},
 983               {-0.3833, 17.4755, 0.09315},
 984               {-0.3833, 17.6567, 0.09333},
C51 COMPILER V9.56.0.0   WHO                                                               11/23/2017 22:06:07 PAGE 17  

 985               {-0.3833, 17.8407, 0.09352},
 986               {-0.3833, 18.0277, 0.09371},
 987               {-0.3833, 18.2174, 0.0939},
 988               {-0.3833, 18.4096, 0.09409},
 989               {-0.3833, 18.6043, 0.09428},
 990               {-0.3833, 18.8015, 0.09448},
 991               {-0.3833, 19.0009, 0.09467},
 992               {-0.3833, 19.2024, 0.09487},
 993               {-0.3833, 19.406, 0.09507},
 994               {-0.3833, 19.6116, 0.09527},
 995               {-0.3833, 19.819, 0.09546},
 996               {-0.3833, 20.028, 0.09566},
 997               {-0.3833, 20.2385, 0.09586},
 998               {-0.3833, 20.4502, 0.09606},
 999               {-0.3833, 20.6629, 0.09626},
1000               {-0.3833, 20.8766, 0.09646},
1001               {-0.3833, 21.0909, 0.09666},
1002               {-0.3833, 21.3059, 0.09686},
1003               {-0.3833, 21.5213, 0.09707},
1004               {-0.3833, 21.737, 0.09727},
1005               {-0.3833, 21.9529, 0.09747},
1006               {-0.3833, 22.169, 0.09767},
1007               {-0.3833, 22.3851, 0.09788},
1008               {-0.3833, 22.6012, 0.09808},
1009               {-0.3833, 22.8173, 0.09828}}};
1010          
1011          float code WHO_7[2][14][3] =
1012            {
1013              ////0-13周 男孩 BMI
1014              {{-0.3053, 13.4069, 0.0956},
1015               {0.5247, 13.3421, 0.09821},
1016               {0.4177, 13.6377, 0.09454},
1017               {0.3449, 14.2241, 0.0923},
1018               {0.2881, 14.7714, 0.09072},
1019               {0.2409, 15.2355, 0.08953},
1020               {0.2003, 15.6107, 0.08859},
1021               {0.1645, 15.9169, 0.08782},
1022               {0.1324, 16.1698, 0.08717},
1023               {0.1032, 16.3787, 0.08661},
1024               {0.0766, 16.5494, 0.08612},
1025               {0.052, 16.6882, 0.08569},
1026               {0.0291, 16.8016, 0.08531},
1027               {0.0077, 16.895, 0.08496}},
1028              //0-13周  女孩  BMI
1029              {
1030                {-0.0631, 13.3363, 0.09272},
1031                {0.6319, 13.2113, 0.09887},
1032                {0.5082, 13.4501, 0.09741},
1033                {0.4263, 13.9505, 0.09647},
1034                {0.3637, 14.4208, 0.09577},
1035                {0.3124, 14.8157, 0.0952},
1036                {0.2688, 15.138, 0.09472},
1037                {0.2306, 15.4063, 0.09431},
1038                {0.1966, 15.6311, 0.09394},
1039                {0.1658, 15.8232, 0.09361},
1040                {0.1377, 15.9874, 0.09332},
1041                {0.1118, 16.1277, 0.09304},
1042                {0.0877, 16.2485, 0.09279},
1043                {0.0652, 16.3531, 0.09255}}};
1044          
1045          float code WHO_8[2][81][3] =
1046            {
C51 COMPILER V9.56.0.0   WHO                                                               11/23/2017 22:06:07 PAGE 18  

1047              //13周-7年 男孩 BMI
1048              {{-0.0727, 17.1579, 0.08378},
1049               {-0.137, 17.2919, 0.08296},
1050               {-0.1913, 17.3422, 0.08234},
1051               {-0.2385, 17.3288, 0.08183},
1052               {-0.2802, 17.2647, 0.0814},
1053               {-0.3176, 17.1662, 0.08102},
1054               {-0.3516, 17.0488, 0.08068},
1055               {-0.3828, 16.9239, 0.08037},
1056               {-0.4115, 16.7981, 0.08009},
1057               {-0.4382, 16.6743, 0.07982},
1058               {-0.463, 16.5548, 0.07958},
1059               {-0.4863, 16.4409, 0.07935},
1060               {-0.5082, 16.3335, 0.07913},
1061               {-0.5289, 16.2329, 0.07892},
1062               {-0.5484, 16.1392, 0.07873},
1063               {-0.5669, 16.0528, 0.07854},
1064               {-0.5846, 15.9743, 0.07836},
1065               {-0.6014, 15.9039, 0.07818},
1066               {-0.6174, 15.8412, 0.07802},
1067               {-0.6328, 15.7852, 0.07786},
1068               {-0.6473, 15.7356, 0.07771},
1069               {-0.584, 15.98, 0.07792},
1070               {-0.5497, 15.9414, 0.078},
1071               {-0.5166, 15.9036, 0.07808},
1072               {-0.485, 15.8667, 0.07818},
1073               {-0.4552, 15.8306, 0.07829},
1074               {-0.4274, 15.7953, 0.07841},
1075               {-0.4016, 15.7606, 0.07854},
1076               {-0.3782, 15.7267, 0.07867},
1077               {-0.3572, 15.6934, 0.07882},
1078               {-0.3388, 15.661, 0.07897},
1079               {-0.3231, 15.6294, 0.07914},
1080               {-0.3101, 15.5988, 0.07931},
1081               {-0.3, 15.5693, 0.0795},
1082               {-0.2927, 15.541, 0.07969},
1083               {-0.2884, 15.514, 0.0799},
1084               {-0.2869, 15.4885, 0.08012},
1085               {-0.2881, 15.4645, 0.08036},
1086               {-0.2919, 15.442, 0.08061},
1087               {-0.2981, 15.421, 0.08087},
1088               {-0.3067, 15.4013, 0.08115},
1089               {-0.3174, 15.3827, 0.08144},
1090               {-0.3303, 15.3652, 0.08174},
1091               {-0.3452, 15.3485, 0.08205},
1092               {-0.3622, 15.3326, 0.08238},
1093               {-0.3811, 15.3174, 0.08272},
1094               {-0.4019, 15.3029, 0.08307},
1095               {-0.4245, 15.2891, 0.08343},
1096               {-0.4488, 15.2759, 0.0838},
1097               {-0.4747, 15.2633, 0.08418},
1098               {-0.5019, 15.2514, 0.08457},
1099               {-0.5303, 15.24, 0.08496},
1100               {-0.5599, 15.2291, 0.08536},
1101               {-0.5905, 15.2188, 0.08577},
1102               {-0.6223, 15.2091, 0.08617},
1103               {-0.6552, 15.2, 0.08659},
1104               {-0.6892, 15.1916, 0.087},
1105               {-0.7387, 15.2641, 0.0839},
1106               {-0.7621, 15.2616, 0.08414},
1107               {-0.7856, 15.2604, 0.08439},
1108               {-0.8089, 15.2605, 0.08464},
C51 COMPILER V9.56.0.0   WHO                                                               11/23/2017 22:06:07 PAGE 19  

1109               {-0.8322, 15.2619, 0.0849},
1110               {-0.8554, 15.2645, 0.08516},
1111               {-0.8785, 15.2684, 0.08543},
1112               {-0.9015, 15.2737, 0.0857},
1113               {-0.9243, 15.2801, 0.08597},
1114               {-0.9471, 15.2877, 0.08625},
1115               {-0.9697, 15.2965, 0.08653},
1116               {-0.9921, 15.3062, 0.08682},
1117               {-1.0144, 15.3169, 0.08711},
1118               {-1.0365, 15.3285, 0.08741},
1119               {-1.0584, 15.3408, 0.08771},
1120               {-1.0801, 15.354, 0.08802},
1121               {-1.1017, 15.3679, 0.08833},
1122               {-1.123, 15.3825, 0.08865},
1123               {-1.1441, 15.3978, 0.08898},
1124               {-1.1649, 15.4137, 0.08931},
1125               {-1.1856, 15.4302, 0.08964},
1126               {-1.206, 15.4473, 0.08998},
1127               {-1.2261, 15.465, 0.09033},
1128               {-1.246, 15.4832, 0.09068}},
1129              //13周-7年 女孩   BMI
1130              {{-0.0191, 16.6703, 0.09166},
1131               {-0.0864, 16.8386, 0.09096},
1132               {-0.1429, 16.9083, 0.09036},
1133               {-0.1916, 16.902, 0.08984},
1134               {-0.2344, 16.8404, 0.08939},
1135               {-0.2725, 16.7406, 0.08898},
1136               {-0.3068, 16.6184, 0.08861},
1137               {-0.3381, 16.4875, 0.08828},
1138               {-0.3667, 16.3568, 0.08797},
1139               {-0.3932, 16.2311, 0.08768},
1140               {-0.4177, 16.1128, 0.08741},
1141               {-0.4407, 16.0028, 0.08716},
1142               {-0.4623, 15.9017, 0.08693},
1143               {-0.4825, 15.8096, 0.08671},
1144               {-0.5017, 15.7263, 0.0865},
1145               {-0.5199, 15.6517, 0.0863},
1146               {-0.5372, 15.5855, 0.08612},
1147               {-0.5537, 15.5278, 0.08594},
1148               {-0.5695, 15.4787, 0.08577},
1149               {-0.5846, 15.438, 0.0856},
1150               {-0.5989, 15.4052, 0.08545},
1151               {-0.5684, 15.659, 0.08452},
1152               {-0.5684, 15.6308, 0.08449},
1153               {-0.5684, 15.6037, 0.08446},
1154               {-0.5684, 15.5777, 0.08444},
1155               {-0.5684, 15.5523, 0.08443},
1156               {-0.5684, 15.5276, 0.08444},
1157               {-0.5684, 15.5034, 0.08448},
1158               {-0.5684, 15.4798, 0.08455},
1159               {-0.5684, 15.4572, 0.08467},
1160               {-0.5684, 15.4356, 0.08484},
1161               {-0.5684, 15.4155, 0.08506},
1162               {-0.5684, 15.3968, 0.08535},
1163               {-0.5684, 15.3796, 0.08569},
1164               {-0.5684, 15.3638, 0.08609},
1165               {-0.5684, 15.3493, 0.08654},
1166               {-0.5684, 15.3358, 0.08704},
1167               {-0.5684, 15.3233, 0.08757},
1168               {-0.5684, 15.3116, 0.08813},
1169               {-0.5684, 15.3007, 0.08872},
1170               {-0.5684, 15.2905, 0.08931},
C51 COMPILER V9.56.0.0   WHO                                                               11/23/2017 22:06:07 PAGE 20  

1171               {-0.5684, 15.2814, 0.08991},
1172               {-0.5684, 15.2732, 0.09051},
1173               {-0.5684, 15.2661, 0.0911},
1174               {-0.5684, 15.2602, 0.09168},
1175               {-0.5684, 15.2556, 0.09227},
1176               {-0.5684, 15.2523, 0.09286},
1177               {-0.5684, 15.2503, 0.09345},
1178               {-0.5684, 15.2496, 0.09403},
1179               {-0.5684, 15.2502, 0.0946},
1180               {-0.5684, 15.2519, 0.09515},
1181               {-0.5684, 15.2544, 0.09568},
1182               {-0.5684, 15.2575, 0.09618},
1183               {-0.5684, 15.2612, 0.09665},
1184               {-0.5684, 15.2653, 0.09709},
1185               {-0.5684, 15.2698, 0.0975},
1186               {-0.5684, 15.2747, 0.09789},
1187               {-0.8886, 15.2441, 0.09692},
1188               {-0.9068, 15.2434, 0.09738},
1189               {-0.9248, 15.2433, 0.09783},
1190               {-0.9427, 15.2438, 0.09829},
1191               {-0.9605, 15.2448, 0.09875},
1192               {-0.978, 15.2464, 0.0992},
1193               {-0.9954, 15.2487, 0.09966},
1194               {-1.0126, 15.2516, 0.10012},
1195               {-1.0296, 15.2551, 0.10058},
1196               {-1.0464, 15.2592, 0.10104},
1197               {-1.063, 15.2641, 0.10149},
1198               {-1.0794, 15.2697, 0.10195},
1199               {-1.0956, 15.276, 0.10241},
1200               {-1.1115, 15.2831, 0.10287},
1201               {-1.1272, 15.2911, 0.10333},
1202               {-1.1427, 15.2998, 0.10379},
1203               {-1.1579, 15.3095, 0.10425},
1204               {-1.1728, 15.32, 0.10471},
1205               {-1.1875, 15.3314, 0.10517},
1206               {-1.2019, 15.3439, 0.10562},
1207               {-1.216, 15.3572, 0.10608},
1208               {-1.2298, 15.3717, 0.10654},
1209               {-1.2433, 15.3871, 0.107},
1210               {-1.2565, 15.4036, 0.10746}}};


MODULE INFORMATION:   STATIC OVERLAYABLE
   CODE SIZE        =   2126    ----
   CONSTANT SIZE    =  12648    ----
   XDATA SIZE       =   ----    ----
   PDATA SIZE       =   ----    ----
   DATA SIZE        =   ----     128
   IDATA SIZE       =   ----    ----
   BIT SIZE         =   ----    ----
END OF MODULE INFORMATION.


C51 COMPILATION COMPLETE.  0 WARNING(S),  0 ERROR(S)
